[ 2016-03-02T14:29:25+08:00 ] 127.0.0.1 /think/Public/Admin/Images/%20%20%20%20%20%20%20%20%20%20%20%20%20%20%20%20%20%20%20%20phiz/qian.gif
INFO: [ app_init ] --START--
INFO: Run Behavior\BuildLiteBehavior [ RunTime:0.000000s ]
INFO: [ app_init ] --END-- [ RunTime:0.000000s ]
ERR: 无法加载模块:Public

[ 2016-03-02T14:29:26+08:00 ] 127.0.0.1 /think/Public/Admin/Images/%20%20%20%20%20%20%20%20%20%20%20%20%20%20%20%20%20%20%20%20phiz/qian.gif
INFO: [ app_init ] --START--
INFO: Run Behavior\BuildLiteBehavior [ RunTime:0.000000s ]
INFO: [ app_init ] --END-- [ RunTime:0.000000s ]
ERR: 无法加载模块:Public

[ 2016-03-02T14:36:56+08:00 ] 127.0.0.1 /think/Public/Admin/Images/phiz/qian.gif
INFO: [ app_init ] --START--
INFO: Run Behavior\BuildLiteBehavior [ RunTime:0.000000s ]
INFO: [ app_init ] --END-- [ RunTime:0.000000s ]
ERR: 无法加载模块:Public

[ 2016-03-02T15:24:42+08:00 ] 127.0.0.1 /favicon.ico
INFO: [ app_init ] --START--
INFO: Run Behavior\BuildLiteBehavior [ RunTime:0.000000s ]
INFO: [ app_init ] --END-- [ RunTime:0.000000s ]
ERR: 无法加载模块:Favicon

